0 info it worked if it ends with ok
1 verbose cli [ 'C:\\Program Files\\nodejs\\node.exe',
1 verbose cli   'C:\\Users\\Administrator\\AppData\\Roaming\\npm\\node_modules\\cnpm\\node_modules\\npm\\bin\\npm-cli.js',
1 verbose cli   '--userconfig=C:\\Users\\Administrator\\.cnpmrc',
1 verbose cli   '--disturl=https://npm.taobao.org/mirrors/node',
1 verbose cli   '--registry=https://registry.npm.taobao.org',
1 verbose cli   'run',
1 verbose cli   'dev' ]
2 info using npm@3.10.10
3 info using node@v8.11.4
4 verbose run-script [ 'predev', 'dev', 'postdev' ]
5 info lifecycle datashow@1.0.0~predev: datashow@1.0.0
6 silly lifecycle datashow@1.0.0~predev: no script for predev, continuing
7 info lifecycle datashow@1.0.0~dev: datashow@1.0.0
8 verbose lifecycle datashow@1.0.0~dev: unsafe-perm in lifecycle true
9 verbose lifecycle datashow@1.0.0~dev: PATH: C:\Users\Administrator\AppData\Roaming\npm\node_modules\cnpm\node_modules\npm\bin\node-gyp-bin;D:\00智云集思\show\node_modules\.bin;C:\ProgramData\Oracle\Java\javapath;D:\app\Administrator\product\11.2.0\client_1\bin;C:\Program Files\Java\jdk1.8.0_25\bin;C:\ProgramData\Oracle\Java\javapath;D:\app\Administrator\product\11.2.0\client_1\bin;C:\Program Files\Java\jdk1.8.0_25\bin;C:\ProgramData\Oracle\Java\javapath;D:\app\Administrator\product\11.2.0\client_1\bin;C:\Program Files\Java\jdk1.8.0_25\bin;C:\Windows\System32;C:\Program Files (x86)\NVIDIA Corporation\PhysX\Common;C:\Program Files (x86)\Intel\iCLS Client\;C:\Program Files\Intel\iCLS Client\;C:\Windows\system32;C:\Windows;C:\Windows\System32\Wbem;C:\Windows\System32\WindowsPowerShell\v1.0\;C:\Program Files\Intel\Intel(R) Management Engine Components\DAL;C:\Program Files\Intel\Intel(R) Management Engine Components\IPT;C:\Program Files (x86)\Intel\Intel(R) Management Engine Components\DAL;C:\Program Files (x86)\Intel\Intel(R) Management Engine Components\IPT;C:\Program Files (x86)\Intel\OpenCL SDK\3.0\bin\x86;C:\Program Files (x86)\Intel\OpenCL SDK\3.0\bin\x64;F:\apache-maven-3.1.1\bin;C:\Program Files (x86)\Microsoft ASP.NET\ASP.NET Web Pages\v1.0\;C:\Program Files\Microsoft SQL Server\110\Tools\Binn\;C:\strawberry\c\bin;C:\strawberry\perl\bin;C:\Program Files (x86)\Microsoft SDKs\TypeScript\1.0\;C:\Program Files\Microsoft SQL Server\120\Tools\Binn\;C:\Program Files\Microsoft SQL Server\130\Tools\Binn\;C:\Program Files (x86)\VisualSVN\bin;F:\应用软件\Git\cmd;D:\mysql-5.7.18-winx64\bin;C:\Program Files\dotnet\;D:\应用程序\TortoiseSVN\bin;%USERPROFILE%\.dnx\bin;C:\Program Files\Microsoft DNX\Dnvm\;C:\Program Files\Microsoft\Web Platform Installer\;C:\Program Files\nodejs\;C:\Program Files\MySQL\MySQL Utilities 1.6\;D:\Program Files (x86)\TortoiseGit\bin;C:\Program Files (x86)\NVIDIA Corporation\PhysX\Common;C:\Program Files (x86)\Intel\iCLS Client\;C:\Program Files\Intel\iCLS Client\;C:\Windows\system32;C:\Windows;C:\Windows\System32\Wbem;C:\Windows\System32\WindowsPowerShell\v1.0\;C:\Program Files\Intel\Intel(R) Management Engine Components\DAL;C:\Program Files\Intel\Intel(R) Management Engine Components\IPT;C:\Program Files (x86)\Intel\Intel(R) Management Engine Components\DAL;C:\Program Files (x86)\Intel\Intel(R) Management Engine Components\IPT;C:\Program Files (x86)\Intel\OpenCL SDK\3.0\bin\x86;C:\Program Files (x86)\Intel\OpenCL SDK\3.0\bin\x64;F:\apache-maven-3.1.1\bin;C:\Program Files (x86)\Microsoft ASP.NET\ASP.NET Web Pages\v1.0\;C:\Program Files\Microsoft SQL Server\110\Tools\Binn\;C:\strawberry\c\bin;C:\strawberry\perl\bin;C:\Program Files (x86)\Microsoft SDKs\TypeScript\1.0\;C:\Program Files\Microsoft SQL Server\120\Tools\Binn\;C:\Program Files\Microsoft SQL Server\130\Tools\Binn\;C:\Program Files (x86)\VisualSVN\bin;F:\应用软件\Git\cmd;D:\mysql-5.7.18-winx64\bin;C:\Program Files\dotnet\;D:\应用程序\TortoiseSVN\bin;%USERPROFILE%\.dnx\bin;C:\Program Files\Microsoft DNX\Dnvm\;C:\Program Files\Microsoft\Web Platform Installer\;C:\Program Files\nodejs\;C:\Program Files\MySQL\MySQL Utilities 1.6\;D:\Program Files (x86)\TortoiseGit\bin;C:\Program Files (x86)\NVIDIA Corporation\PhysX\Common;C:\Program Files (x86)\Intel\iCLS Client\;C:\Program Files\Intel\iCLS Client\;C:\Windows\system32;C:\Windows;C:\Windows\System32\Wbem;C:\Windows\System32\WindowsPowerShell\v1.0\;C:\Program Files\Intel\Intel(R) Management Engine Components\DAL;C:\Program Files\Intel\Intel(R) Management Engine Components\IPT;C:\Program Files (x86)\Intel\Intel(R) Management Engine Components\DAL;C:\Program Files (x86)\Intel\Intel(R) Management Engine Components\IPT;C:\Program Files (x86)\Intel\OpenCL SDK\3.0\bin\x86;C:\Program Files (x86)\Intel\OpenCL SDK\3.0\bin\x64;F:\apache-maven-3.1.1\bin;C:\Program Files (x86)\Microsoft ASP.NET\ASP.NET Web Pages\v1.0\;C:\Program Files\Microsoft SQL Server\110\Tools\Binn\;C:\strawberry\c\bin;C:\strawberry\perl\bin;C:\Program Files (x86)\Microsoft SDKs\TypeScript\1.0\;C:\Program Files\Microsoft SQL Server\120\Tools\Binn\;C:\Program Files\Microsoft SQL Server\130\Tools\Binn\;C:\Program Files (x86)\VisualSVN\bin;F:\应用软件\Git\cmd;D:\mysql-5.7.18-winx64\bin;C:\Program Files\dotnet\;D:\应用程序\TortoiseSVN\bin;C:\W;C:\Users\Administrator\AppData\Local\Programs\Fiddler;D:\学习心得\rtps研究\ffmpeg\bin;C:\Users\Administrator\AppData\Roaming\npm;D:\应用程序\Microsoft VS Code\bin
10 verbose lifecycle datashow@1.0.0~dev: CWD: D:\00智云集思\show
11 silly lifecycle datashow@1.0.0~dev: Args: [ '/d /s /c', 'node build/dev-server.js' ]
12 verbose stack Error: kill ENOSYS
12 verbose stack     at Object._errnoException (util.js:992:11)
12 verbose stack     at process.kill (internal/process.js:183:18)
12 verbose stack     at process.listener (C:\Users\Administrator\AppData\Roaming\npm\node_modules\cnpm\node_modules\npm\node_modules\npmlog\node_modules\gauge\node_modules\signal-exit\index.js:86:15)
12 verbose stack     at emitNone (events.js:111:20)
12 verbose stack     at process.emit (events.js:208:7)
12 verbose stack     at processEmit (C:\Users\Administrator\AppData\Roaming\npm\node_modules\cnpm\node_modules\npm\node_modules\npmlog\node_modules\gauge\node_modules\signal-exit\index.js:146:32)
12 verbose stack     at processEmit (C:\Users\Administrator\AppData\Roaming\npm\node_modules\cnpm\node_modules\npm\node_modules\npm-registry-client\node_modules\npmlog\node_modules\gauge\node_modules\signal-exit\index.js:146:32)
12 verbose stack     at Signal.wrap.onsignal (internal/process.js:208:44)
13 verbose cwd D:\00智云集思\show
14 error Windows_NT 6.1.7601
15 error argv "C:\\Program Files\\nodejs\\node.exe" "C:\\Users\\Administrator\\AppData\\Roaming\\npm\\node_modules\\cnpm\\node_modules\\npm\\bin\\npm-cli.js" "--userconfig=C:\\Users\\Administrator\\.cnpmrc" "--disturl=https://npm.taobao.org/mirrors/node" "--registry=https://registry.npm.taobao.org" "run" "dev"
16 error node v8.11.4
17 error npm  v3.10.10
18 error code ENOSYS
19 error errno ENOSYS
20 error syscall kill
21 error kill ENOSYS
22 error If you need help, you may report this error at:
22 error     <https://github.com/npm/npm/issues>
23 verbose exit [ 1, true ]
